producer_class	xtools.gsea.GseaPreranked
producer_timestamp	1590461363676
param	rpt_label	GSEA_result_max200
param	rnd_seed	timestamp
param	set_min	15
param	zip_report	false
param	create_svgs	false
param	scoring_scheme	weighted
param	rnk	/home/bioc/rstudio/projects/rank.rnk
param	norm	meandiv
param	out	/home/bioc/rstudio/projects
param	mode	Max_probe
param	include_only_symbols	true
param	help	false
param	set_max	200
param	gmx	/home/bioc/rstudio/projects/Human_GOBP_AllPathways_no_GO_iea_April_01_2020_symbol.gmt
param	make_sets	true
param	plot_top_x	20
param	gui	false
param	nperm	1000
param	collapse	No_Collapse

file	/home/bioc/rstudio/projects/GSEA_result_max200.GseaPreranked.1590461363676/index.html
